[debug] [2022-06-14T15:46:02.604Z] ----------------------------------------------------------------------
[debug] [2022-06-14T15:46:02.610Z] Command:       C:\Program Files\nodejs\node.exe C:\Users\dubzy\AppData\Roaming\npm\node_modules\firebase-tools\lib\bin\firebase.js deploy
[debug] [2022-06-14T15:46:02.612Z] CLI Version:   10.7.1
[debug] [2022-06-14T15:46:02.612Z] Platform:      win32
[debug] [2022-06-14T15:46:02.612Z] Node Version:  v16.14.0
[debug] [2022-06-14T15:46:02.687Z] Time:          Tue Jun 14 2022 16:46:02 GMT+0100 (West Africa Standard Time)
[debug] [2022-06-14T15:46:02.688Z] ----------------------------------------------------------------------
[debug] 
[debug] [2022-06-14T15:46:02.741Z] >>> [apiv2][query] GET https://firebase-public.firebaseio.com/cli.json [none]
[debug] [2022-06-14T15:46:02.940Z] > command requires scopes: ["email","openid","https://www.googleapis.com/auth/cloudplatformprojects.readonly","https://www.googleapis.com/auth/firebase","https://www.googleapis.com/auth/cloud-platform"]
[debug] [2022-06-14T15:46:02.940Z] > authorizing via signed-in user (mightyeaglecorp@gmail.com)
[debug] [2022-06-14T15:46:02.940Z] [iam] checking project bmwnaija for permissions ["firebase.projects.get","firebasehosting.sites.update"]
[debug] [2022-06-14T15:46:02.941Z] > refreshing access token with scopes: []
[debug] [2022-06-14T15:46:02.942Z] >>> HTTP REQUEST POST https://www.googleapis.com/oauth2/v3/token  
 <request body omitted>
[debug] [2022-06-14T15:46:03.659Z] <<< [apiv2][status] GET https://firebase-public.firebaseio.com/cli.json 200
[debug] [2022-06-14T15:46:03.659Z] <<< [apiv2][body] GET https://firebase-public.firebaseio.com/cli.json {"cloudBuildErrorAfter":1594252800000,"cloudBuildWarnAfter":1590019200000,"defaultNode10After":1594252800000,"minVersion":"3.0.5","node8DeploysDisabledAfter":1613390400000,"node8RuntimeDisabledAfter":1615809600000,"node8WarnAfter":1600128000000}
[debug] [2022-06-14T15:46:07.296Z] <<< HTTP RESPONSE 200 {"pragma":"no-cache","cache-control":"no-cache, no-store, max-age=0, must-revalidate","expires":"Mon, 01 Jan 1990 00:00:00 GMT","date":"Tue, 14 Jun 2022 15:46:08 GMT","content-type":"application/json; charset=utf-8","vary":"X-Origin, Referer, Origin,Accept-Encoding","server":"scaffolding on HTTPServer2","x-xss-protection":"0","x-frame-options":"SAMEORIGIN","x-content-type-options":"nosniff","alt-svc":"h3=\":443\"; ma=2592000,h3-29=\":443\"; ma=2592000,h3-Q050=\":443\"; ma=2592000,h3-Q046=\":443\"; ma=2592000,h3-Q043=\":443\"; ma=2592000,quic=\":443\"; ma=2592000; v=\"46,43\"","accept-ranges":"none","transfer-encoding":"chunked"}
[debug] [2022-06-14T15:46:07.343Z] >>> [apiv2][query] POST https://cloudresourcemanager.googleapis.com/v1/projects/bmwnaija:testIamPermissions [none]
[debug] [2022-06-14T15:46:07.343Z] >>> [apiv2][body] POST https://cloudresourcemanager.googleapis.com/v1/projects/bmwnaija:testIamPermissions {"permissions":["firebase.projects.get","firebasehosting.sites.update"]}
[debug] [2022-06-14T15:46:28.526Z] [iam] error while checking permissions, command may fail: FirebaseError: Failed to make request to https://cloudresourcemanager.googleapis.com/v1/projects/bmwnaija:testIamPermissions
[debug] [2022-06-14T15:46:28.530Z] >>> [apiv2][query] GET https://firebase.googleapis.com/v1beta1/projects/bmwnaija [none]
[debug] [2022-06-14T15:46:30.398Z] <<< [apiv2][status] GET https://firebase.googleapis.com/v1beta1/projects/bmwnaija 200
[debug] [2022-06-14T15:46:30.399Z] <<< [apiv2][body] GET https://firebase.googleapis.com/v1beta1/projects/bmwnaija {"projectId":"bmwnaija","projectNumber":"263075272424","displayName":"bmwnaija","name":"projects/bmwnaija","resources":{"hostingSite":"bmwnaija"},"state":"ACTIVE"}
[info] 
[info] === Deploying to 'bmwnaija'...
[info] 
[info] i  deploying hosting 
[debug] [2022-06-14T15:46:30.403Z] >>> [apiv2][query] GET https://firebase.googleapis.com/v1beta1/projects/bmwnaija [none]
[debug] [2022-06-14T15:46:51.446Z] Failed to make request to https://firebase.googleapis.com/v1beta1/projects/bmwnaija
[debug] [2022-06-14T15:47:12.620Z] FirebaseError: Failed to make request to https://firebase.googleapis.com/v1beta1/projects/bmwnaija
    at RetryOperation._fn (C:\Users\dubzy\AppData\Roaming\npm\node_modules\firebase-tools\lib\apiv2.js:240:31)
    at processTicksAndRejections (node:internal/process/task_queues:96:5)
[error] 
[error] Error: Failed to get Firebase project bmwnaija. Please make sure the project exists and your account has permission to access it.
